Performing C SOURCE FILE Test HAVE___DECLSPEC_DLLEXPORT_ failed with the following output:
Change Dir: /home/oceane/test/CMakeFiles/CMakeTmp

Run Build Command(s):/usr/bin/gmake -f Makefile cmTC_07711/fast && /usr/bin/gmake  -f CMakeFiles/cmTC_07711.dir/build.make CMakeFiles/cmTC_07711.dir/build
gmake[1]: Entering directory '/home/oceane/test/CMakeFiles/CMakeTmp'
Building C object CMakeFiles/cmTC_07711.dir/src.c.o
/usr/bin/cc -DHAVE___DECLSPEC_DLLEXPORT_  -Wall  -o CMakeFiles/cmTC_07711.dir/src.c.o -c /home/oceane/test/CMakeFiles/CMakeTmp/src.c
/home/oceane/test/CMakeFiles/CMakeTmp/src.c:1:1: warning: return type defaults to ‘int’ [-Wimplicit-int]
    1 | __declspec(dllexport) void func(); void func() { } int main() { func(); return 0; }
      | ^~~~~~~~~~
/home/oceane/test/CMakeFiles/CMakeTmp/src.c: In function ‘__declspec’:
/home/oceane/test/CMakeFiles/CMakeTmp/src.c:1:48: error: expected ‘=’, ‘,’, ‘;’, ‘asm’ or ‘__attribute__’ before ‘{’ token
    1 | __declspec(dllexport) void func(); void func() { } int main() { func(); return 0; }
      |                                                ^
/home/oceane/test/CMakeFiles/CMakeTmp/src.c:1:63: error: expected ‘=’, ‘,’, ‘;’, ‘asm’ or ‘__attribute__’ before ‘{’ token
    1 | __declspec(dllexport) void func(); void func() { } int main() { func(); return 0; }
      |                                                               ^
/home/oceane/test/CMakeFiles/CMakeTmp/src.c:1:1: warning: type of ‘dllexport’ defaults to ‘int’ [-Wimplicit-int]
    1 | __declspec(dllexport) void func(); void func() { } int main() { func(); return 0; }
      | ^~~~~~~~~~
/home/oceane/test/CMakeFiles/CMakeTmp/src.c:1:28: error: declaration for parameter ‘func’ but no such parameter
    1 | __declspec(dllexport) void func(); void func() { } int main() { func(); return 0; }
      |                            ^~~~
/home/oceane/test/CMakeFiles/CMakeTmp/src.c:2: error: expected ‘{’ at end of input
/home/oceane/test/CMakeFiles/CMakeTmp/src.c:2: warning: control reaches end of non-void function [-Wreturn-type]
gmake[1]: *** [CMakeFiles/cmTC_07711.dir/build.make:78: CMakeFiles/cmTC_07711.dir/src.c.o] Error 1
gmake[1]: Leaving directory '/home/oceane/test/CMakeFiles/CMakeTmp'
gmake: *** [Makefile:127: cmTC_07711/fast] Error 2


Source file was:
__declspec(dllexport) void func(); void func() { } int main() { func(); return 0; }
Performing C SOURCE FILE Test HAVE___DECLSPEC_DLLIMPORT_ failed with the following output:
Change Dir: /home/oceane/test/CMakeFiles/CMakeTmp

Run Build Command(s):/usr/bin/gmake -f Makefile cmTC_51421/fast && /usr/bin/gmake  -f CMakeFiles/cmTC_51421.dir/build.make CMakeFiles/cmTC_51421.dir/build
gmake[1]: Entering directory '/home/oceane/test/CMakeFiles/CMakeTmp'
Building C object CMakeFiles/cmTC_51421.dir/src.c.o
/usr/bin/cc -DHAVE___DECLSPEC_DLLIMPORT_  -Wall  -o CMakeFiles/cmTC_51421.dir/src.c.o -c /home/oceane/test/CMakeFiles/CMakeTmp/src.c
/home/oceane/test/CMakeFiles/CMakeTmp/src.c:1:1: warning: return type defaults to ‘int’ [-Wimplicit-int]
    1 | __declspec(dllimport) void func(); void func() { } int main() { func(); return 0; }
      | ^~~~~~~~~~
/home/oceane/test/CMakeFiles/CMakeTmp/src.c: In function ‘__declspec’:
/home/oceane/test/CMakeFiles/CMakeTmp/src.c:1:48: error: expected ‘=’, ‘,’, ‘;’, ‘asm’ or ‘__attribute__’ before ‘{’ token
    1 | __declspec(dllimport) void func(); void func() { } int main() { func(); return 0; }
      |                                                ^
/home/oceane/test/CMakeFiles/CMakeTmp/src.c:1:63: error: expected ‘=’, ‘,’, ‘;’, ‘asm’ or ‘__attribute__’ before ‘{’ token
    1 | __declspec(dllimport) void func(); void func() { } int main() { func(); return 0; }
      |                                                               ^
/home/oceane/test/CMakeFiles/CMakeTmp/src.c:1:1: warning: type of ‘dllimport’ defaults to ‘int’ [-Wimplicit-int]
    1 | __declspec(dllimport) void func(); void func() { } int main() { func(); return 0; }
      | ^~~~~~~~~~
/home/oceane/test/CMakeFiles/CMakeTmp/src.c:1:28: error: declaration for parameter ‘func’ but no such parameter
    1 | __declspec(dllimport) void func(); void func() { } int main() { func(); return 0; }
      |                            ^~~~
/home/oceane/test/CMakeFiles/CMakeTmp/src.c:2: error: expected ‘{’ at end of input
/home/oceane/test/CMakeFiles/CMakeTmp/src.c:2: warning: control reaches end of non-void function [-Wreturn-type]
gmake[1]: *** [CMakeFiles/cmTC_51421.dir/build.make:78: CMakeFiles/cmTC_51421.dir/src.c.o] Error 1
gmake[1]: Leaving directory '/home/oceane/test/CMakeFiles/CMakeTmp'
gmake: *** [Makefile:127: cmTC_51421/fast] Error 2


Source file was:
__declspec(dllimport) void func(); void func() { } int main() { func(); return 0; }
